The experimental results
lambda_1:  0.01 lambda_2:  0.01 lambda_3:  0.1
################ iters10_kmeans_iter_Z   #####################
Z_ACC mean 0.78506 max 0.78506 
 [0.78506]
Z_NMI mean 0.472 max 0.472 
 [0.472]
Z_ARI mean 0.51705 max 0.51705 
 [0.51705]
Z_:acc, nmi, ari 
0.7851
0.4720
0.5171
The experimental results
lambda_1:  0.01 lambda_2:  0.01 lambda_3:  0.1
################ iters10_kmeans_iter_Z   #####################
Z_ACC mean 0.77915 max 0.77915 
 [0.77915]
Z_NMI mean 0.46447 max 0.46447 
 [0.46447]
Z_ARI mean 0.50806 max 0.50806 
 [0.50806]
Z_:acc, nmi, ari 
0.7792
0.4645
0.5081
The experimental results
lambda_1:  0.01 lambda_2:  0.01 lambda_3:  0.1
################ iters10_kmeans_iter_Z   #####################
Z_ACC mean 0.77989 max 0.77989 
 [0.77989]
Z_NMI mean 0.46882 max 0.46882 
 [0.46882]
Z_ARI mean 0.50698 max 0.50698 
 [0.50698]
Z_:acc, nmi, ari 
0.7799
0.4688
0.5070
The experimental results
lambda_1:  0.01 lambda_2:  0.01 lambda_3:  0.1
################ iters10_kmeans_iter_Z   #####################
Z_ACC mean 0.78038 max 0.78038 
 [0.78038]
Z_NMI mean 0.4669 max 0.4669 
 [0.4669]
Z_ARI mean 0.51053 max 0.51053 
 [0.51053]
Z_:acc, nmi, ari 
0.7804
0.4669
0.5105
The experimental results
lambda_1:  0.01 lambda_2:  0.01 lambda_3:  0.1
################ iters10_kmeans_iter_Z   #####################
Z_ACC mean 0.78137 max 0.78137 
 [0.78137]
Z_NMI mean 0.46984 max 0.46984 
 [0.46984]
Z_ARI mean 0.51254 max 0.51254 
 [0.51254]
Z_:acc, nmi, ari 
0.7814
0.4698
0.5125
The experimental results
lambda_1:  0.01 lambda_2:  0.01 lambda_3:  0.1
################ iters10_kmeans_iter_Z   #####################
Z_ACC mean 0.78482 max 0.78482 
 [0.78482]
Z_NMI mean 0.47468 max 0.47468 
 [0.47468]
Z_ARI mean 0.52103 max 0.52103 
 [0.52103]
Z_:acc, nmi, ari 
0.7848
0.4747
0.5210
The experimental results
lambda_1:  0.01 lambda_2:  0.01 lambda_3:  0.1
################ iters10_kmeans_iter_Z   #####################
Z_ACC mean 0.78506 max 0.78506 
 [0.78506]
Z_NMI mean 0.47646 max 0.47646 
 [0.47646]
Z_ARI mean 0.51911 max 0.51911 
 [0.51911]
Z_:acc, nmi, ari 
0.7851
0.4765
0.5191
The experimental results
lambda_1:  0.01 lambda_2:  0.01 lambda_3:  0.1
################ iters10_kmeans_iter_Z   #####################
Z_ACC mean 0.78777 max 0.78777 
 [0.78777]
Z_NMI mean 0.47791 max 0.47791 
 [0.47791]
Z_ARI mean 0.52378 max 0.52378 
 [0.52378]
Z_:acc, nmi, ari 
0.7878
0.4779
0.5238
The experimental results
lambda_1:  0.01 lambda_2:  0.01 lambda_3:  0.1
################ iters10_kmeans_iter_Z   #####################
Z_ACC mean 0.78383 max 0.78383 
 [0.78383]
Z_NMI mean 0.4719 max 0.4719 
 [0.4719]
Z_ARI mean 0.51832 max 0.51832 
 [0.51832]
Z_:acc, nmi, ari 
0.7838
0.4719
0.5183
The experimental results
lambda_1:  0.01 lambda_2:  0.01 lambda_3:  0.1
################ iters10_kmeans_iter_Z   #####################
Z_ACC mean 0.78013 max 0.78013 
 [0.78013]
Z_NMI mean 0.46941 max 0.46941 
 [0.46941]
Z_ARI mean 0.50897 max 0.50897 
 [0.50897]
Z_:acc, nmi, ari 
0.7801
0.4694
0.5090
The experimental results
lambda_1:  0.01 lambda_2:  0.01 lambda_3:  0.1
################ iters10_kmeans_iter_Z   #####################
Z_ACC mean 0.78432 max 0.78432 
 [0.78432]
Z_NMI mean 0.47354 max 0.47354 
 [0.47354]
Z_ARI mean 0.51547 max 0.51547 
 [0.51547]
Z_:acc, nmi, ari 
0.7843
0.4735
0.5155
The experimental results
lambda_1:  0.01 lambda_2:  0.01 lambda_3:  0.1
################ iters10_kmeans_iter_Z   #####################
Z_ACC mean 0.7826 max 0.7826 
 [0.7826]
Z_NMI mean 0.47248 max 0.47248 
 [0.47248]
Z_ARI mean 0.51378 max 0.51378 
 [0.51378]
Z_:acc, nmi, ari 
0.7826
0.4725
0.5138
The experimental results
lambda_1:  0.01 lambda_2:  0.01 lambda_3:  0.1
################ iters10_kmeans_iter_Z   #####################
Z_ACC mean 0.78358 max 0.78358 
 [0.78358]
Z_NMI mean 0.475 max 0.475 
 [0.475]
Z_ARI mean 0.51785 max 0.51785 
 [0.51785]
Z_:acc, nmi, ari 
0.7836
0.4750
0.5179
The experimental results
lambda_1:  0.01 lambda_2:  0.01 lambda_3:  0.1
################ iters10_kmeans_iter_Z   #####################
Z_ACC mean 0.77939 max 0.77939 
 [0.77939]
Z_NMI mean 0.46621 max 0.46621 
 [0.46621]
Z_ARI mean 0.509 max 0.509 
 [0.509]
Z_:acc, nmi, ari 
0.7794
0.4662
0.5090
The experimental results
lambda_1:  0.01 lambda_2:  0.01 lambda_3:  0.1
################ iters10_kmeans_iter_Z   #####################
Z_ACC mean 0.78137 max 0.78137 
 [0.78137]
Z_NMI mean 0.46952 max 0.46952 
 [0.46952]
Z_ARI mean 0.51321 max 0.51321 
 [0.51321]
Z_:acc, nmi, ari 
0.7814
0.4695
0.5132
